<?xml version="1.0" encoding="UTF-8"?>
<!-- Generated by org.testng.reporters.JUnitReportReporter -->
<testsuite hostname="AdminIT-PC" name="testng.basic_flow" tests="2" failures="0" timestamp="9 Jun 2014 13:35:54 GMT" time="0.000" errors="0">
  <testcase name="testsendmail" time="0.000" classname="testng.basic_flow"/>
  <testcase name="testreceivemail" time="0.000" classname="testng.basic_flow"/>
</testsuite>
