<?xml version="1.0" encoding="UTF-8"?>
<!-- Generated by org.testng.reporters.JUnitReportReporter -->
<testsuite hostname="AdminIT-PC" name="testng.parameterisation" tests="2" failures="0" timestamp="8 Jun 2014 16:47:04 GMT" time="0.011" errors="0">
  <testcase name="employee" time="0.011" classname="testng.parameterisation"/>
  <testcase name="employee" time="0.000" classname="testng.parameterisation"/>
</testsuite> <!-- testng.parameterisation -->
