<?xml version="1.0" encoding="UTF-8"?>
<!-- Generated by org.testng.reporters.JUnitReportReporter -->
<testsuite hostname="AdminIT-PC" name="testng.skip_test" tests="2" failures="2" timestamp="8 Jun 2014 15:57:31 GMT" time="0.003" errors="0">
  <testcase name="testsendmail" time="0.001" classname="testng.skip_test"/>
  <testcase name="testreceivemail" time="0.002" classname="testng.skip_test"/>
</testsuite> <!-- testng.skip_test -->
